09.11.2016 09:52:16 <!-- sql=[UPDATE sanpham set id_th='2',id_dm='2',ma_sp='C4582/1', ten_sp='ĐỒNG HỒ CANDINO C4582/1 CHÍNH HÃNG',mau_sac='Màu Đỏ',anh_sp='',gia_sp='9540000',so_luong='12',xuat_xu='Thụy Sỹ',dong_sp='Sport Quartz',kieu_dang='',duong_kinh='0',do_day='0',chuc_nang='',chat_lieu='',mota_sp='' where id=61] --> 
09.11.2016 09:53:05 <!-- sql=[UPDATE sanpham set id_th='2',id_dm='4',ma_sp='C4544/2', ten_sp='ĐỒNG HỒ CANDINO NỮ QUARTZ C4544/2',mau_sac='Màu Đỏ',anh_sp='',gia_sp='5730000',so_luong='2',xuat_xu='Thụy Sỹ',dong_sp='',kieu_dang='',duong_kinh='0',do_day='0',chuc_nang='',chat_lieu='',mota_sp='<p>M&aacute;y: Swiss made ( Quartz )&nbsp;</p>

<p>Kiểu d&aacute;ng: Nữ</p>

<p>Chất liệu vỏ: Th&eacute;p kh&ocirc;ng gỉ ( All Stainless Steel )&nbsp;</p>

<p>Chất liệu d&acirc;y:&nbsp;Th&eacute;p kh&ocirc;ng gỉ ( All Stainless Steel )</p>

<p>Mặt k&iacute;nh: Sapphire</p>

<p>Đường k&iacute;nh: 28mm</p>

<p>Độ d&agrave;y: 0.5mm</p>

<p>Độ chịu nước: 10atm</p>

<p>Chức năng: Lịch ng&agrave;y</p>
' where id=58] --> 
09.11.2016 09:58:47 <!-- sql=[UPDATE sanpham set id_th='2',id_dm='2',ma_sp='C4372/J', ten_sp='ĐỒNG HỒ CANDINO NAM QUARTZ C4372/J',mau_sac='Màu Đỏ',anh_sp='upload/dh5-1477746615.jpg',gia_sp='4237000',so_luong='10',xuat_xu='Thụy Sỹ',dong_sp='jjjajja',kieu_dang='Nữ',duong_kinh='0',do_day='0',chuc_nang='',chat_lieu='',mota_sp='<p>D&ograve;ng sản phẩm: Elegance</p>

<p>M&aacute;y: Swiss made ( Quartz )&nbsp;</p>

<p>Kiểu d&aacute;ng: Nam</p>

<p>Chất liệu vỏ: Th&eacute;p kh&ocirc;ng gỉ ( All Stainless Steel )&nbsp;</p>

<p>Chất liệu d&acirc;y:&nbsp;Th&eacute;p kh&ocirc;ng gỉ ( All Stainless Steel )</p>

<p>Mặt k&iacute;nh: Mineral Glass</p>

<p>Đường k&iacute;nh: 36x36mm</p>

<p>Độ d&agrave;y: 0.9mm</p>

<p>Độ chịu nước: 10atm</p>

<p>Chức năng: Lịch ng&agrave;y</p>
' where id=53] --> 
09.11.2016 10:00:20 <!-- sql=[UPDATE sanpham set id_th='2',id_dm='2',ma_sp='C4372/J', ten_sp='ĐỒNG HỒ CANDINO NAM QUARTZ C4372/J',mau_sac='Màu Đỏ',anh_sp='upload/dh5-1477746615.jpg',gia_sp='4237000',so_luong='10',xuat_xu='Thụy Sỹ',dong_sp='jjjajja',kieu_dang='Nữ',duong_kinh='0',do_day='0',chuc_nang='',chat_lieu='',mota_sp='<p>D&ograve;ng sản phẩm: Elegance</p>

<p>M&aacute;y: Swiss made ( Quartz )&nbsp;</p>

<p>Kiểu d&aacute;ng: Nam</p>

<p>Chất liệu vỏ: Th&eacute;p kh&ocirc;ng gỉ ( All Stainless Steel )&nbsp;</p>

<p>Chất liệu d&acirc;y:&nbsp;Th&eacute;p kh&ocirc;ng gỉ ( All Stainless Steel )</p>

<p>Mặt k&iacute;nh: Mineral Glass</p>

<p>Đường k&iacute;nh: 36x36mm</p>

<p>Độ d&agrave;y: 0.9mm</p>

<p>Độ chịu nước: 10atm</p>

<p>Chức năng: Lịch ng&agrave;y</p>
' where id=53] --> 
11.11.2016 03:40:01 <!-- sql=[UPDATE sanpham set id_th='2',id_dm='2',ma_sp='C4372/J', ten_sp='ĐỒNG HỒ CANDINO NAM QUARTZ C4372/J',mau_sac='Màu Đỏ',anh_sp='upload/dh5-1477746615.jpg',gia_sp='4237000',so_luong='10',xuat_xu='Thụy Sỹ',dong_sp='jjjajja',kieu_dang='Nữ',duong_kinh='0',do_day='0',chuc_nang='',chat_lieu='',mota_sp='<p>D&ograve;ng sản phẩm: Elegance</p>

<p>M&aacute;y: Swiss made ( Quartz )&nbsp;</p>

<p>Kiểu d&aacute;ng: Nam</p>

<p>Chất liệu vỏ: Th&eacute;p kh&ocirc;ng gỉ ( All Stainless Steel )&nbsp;</p>

<p>Chất liệu d&acirc;y:&nbsp;Th&eacute;p kh&ocirc;ng gỉ ( All Stainless Steel )</p>

<p>Mặt k&iacute;nh: Mineral Glass</p>

<p>Đường k&iacute;nh: 36x36mm</p>

<p>Độ d&agrave;y: 0.9mm</p>

<p>Độ chịu nước: 10atm</p>

<p>Chức năng: Lịch ng&agrave;y</p>
' where id=53] --> 
11.11.2016 03:40:31 <!-- sql=[UPDATE sanpham set id_th='2',id_dm='4',ma_sp='C4544/2', ten_sp='ĐỒNG HỒ CANDINO NỮ QUARTZ C4544/2',mau_sac='Màu Đỏ',anh_sp='upload/14618630_981764258596712_2074300190_o-1478875231.jpg',gia_sp='5730000',so_luong='2',xuat_xu='Thụy Sỹ',dong_sp='',kieu_dang='Nữ',duong_kinh='0',do_day='0',chuc_nang='',chat_lieu='',mota_sp='<p>M&aacute;y: Swiss made ( Quartz )&nbsp;</p>

<p>Kiểu d&aacute;ng: Nữ</p>

<p>Chất liệu vỏ: Th&eacute;p kh&ocirc;ng gỉ ( All Stainless Steel )&nbsp;</p>

<p>Chất liệu d&acirc;y:&nbsp;Th&eacute;p kh&ocirc;ng gỉ ( All Stainless Steel )</p>

<p>Mặt k&iacute;nh: Sapphire</p>

<p>Đường k&iacute;nh: 28mm</p>

<p>Độ d&agrave;y: 0.5mm</p>

<p>Độ chịu nước: 10atm</p>

<p>Chức năng: Lịch ng&agrave;y</p>
' where id=58] --> 
14.11.2016 05:32:42 <!-- sql=[delete from sanpham 
		where id=84] --> 
15.11.2016 04:49:26 <!-- sql=[delete from sanpham 
		where id=86] --> 
15.11.2016 04:49:37 <!-- sql=[delete from sanpham 
		where id=85] --> 
15.11.2016 04:58:16 <!-- sql=[UPDATE sanpham set id_th='2',id_dm='2',ma_sp='C4372/J', ten_sp='ĐỒNG HỒ CANDINO NAM QUARTZ C4372/J',mau_sac='Màu Trắng',anh_sp='upload/dh5-1477746615.jpg',gia_sp='4460000',so_luong='20',xuat_xu='Thụy Sỹ',dong_sp='Elegance',kieu_dang='Nam',duong_kinh='0',do_day='0',chuc_nang='',chat_lieu='',mota_sp='<p>D&ograve;ng sản phẩm: Elegance</p>

<p>M&aacute;y: Swiss made ( Quartz )&nbsp;</p>

<p>Kiểu d&aacute;ng: Nam</p>

<p>Chất liệu vỏ: Th&eacute;p kh&ocirc;ng gỉ ( All Stainless Steel )&nbsp;</p>

<p>Chất liệu d&acirc;y:&nbsp;Th&eacute;p kh&ocirc;ng gỉ ( All Stainless Steel )</p>

<p>Mặt k&iacute;nh: Mineral Glass</p>

<p>Đường k&iacute;nh: 36x36mm</p>

<p>Độ d&agrave;y: 0.9mm</p>

<p>Độ chịu nước: 10atm</p>

<p>Chức năng: Lịch ng&agrave;y</p>
' where id=53] --> 
15.11.2016 05:00:37 <!-- sql=[UPDATE sanpham set id_th='2',id_dm='2',ma_sp='C4372/J', ten_sp='ĐỒNG HỒ CANDINO NAM QUARTZ C4372/J',mau_sac='Màu Trắng',anh_sp='upload/dh5-1477746615.jpg',gia_sp='4460000',so_luong='20',xuat_xu='Thụy Sỹ',dong_sp='Elegance',kieu_dang='Nam',duong_kinh='0',do_day='0',chuc_nang='',chat_lieu='',mota_sp='<p>D&ograve;ng sản phẩm: Elegance</p>

<p>M&aacute;y: Swiss made ( Quartz )&nbsp;</p>

<p>Kiểu d&aacute;ng: Nam</p>

<p>Chất liệu vỏ: Th&eacute;p kh&ocirc;ng gỉ ( All Stainless Steel )&nbsp;</p>

<p>Chất liệu d&acirc;y:&nbsp;Th&eacute;p kh&ocirc;ng gỉ ( All Stainless Steel )</p>

<p>Mặt k&iacute;nh: Mineral Glass</p>

<p>Đường k&iacute;nh: 36x36mm</p>

<p>Độ d&agrave;y: 0.9mm</p>

<p>Độ chịu nước: 10atm</p>

<p>Chức năng: Lịch ng&agrave;y</p>
',status='Hiện' where id=53] --> 
15.11.2016 05:03:51 <!-- sql=[UPDATE sanpham set id_th='2',id_dm='2',ma_sp='C4372/J', ten_sp='ĐỒNG HỒ CANDINO NAM QUARTZ C4372/J',mau_sac='Màu Trắng',anh_sp='upload/dh5-1477746615.jpg',gia_sp='4460000',so_luong='20',xuat_xu='Thụy Sỹ',dong_sp='Elegance',kieu_dang='Nam',duong_kinh='36',do_day='1',chuc_nang='Lịch ngày',chat_lieu='Thép không gỉ ( All Stainless Steel ) ',mota_sp='',status='Hiện' where id=53] --> 
15.11.2016 05:06:15 <!-- sql=[UPDATE sanpham set id_th='2',id_dm='2',ma_sp='C4372/J', ten_sp='ĐỒNG HỒ CANDINO NAM QUARTZ C4372/J',mau_sac='Màu Trắng',anh_sp='upload/dh5-1477746615.jpg',gia_sp='4460000',so_luong='20',xuat_xu='Thụy Sỹ',dong_sp='Elegance',kieu_dang='Nam',duong_kinh='36',do_day='1',may='Swiss made ( Quartz ) ',chuc_nang='Lịch ngày',chat_lieu='Thép không gỉ ( All Stainless Steel ) ',mota_sp='',status='Hiện' where id=53] --> 
15.11.2016 12:01:07 <!-- sql=[UPDATE sanpham set id_th='2',id_dm='2',ma_sp='C4372/J', ten_sp='ĐỒNG HỒ CANDINO NAM QUARTZ C4372/J',mau_sac='Màu Trắng',anh_sp='upload/dh5-1477746615.jpg',gia_sp='4460000',so_luong='20',xuat_xu='Thụy Sỹ',dong_sp='Elegance',kieu_dang='Nam',duong_kinh='36',do_day='1',may='Swiss made ( Quartz ) ',chat_lieu='Thép không gỉ ( All Stainless Steel ) ',mota_sp='<p>Độ chịu nước: 10atm</p>

<p>Chức năng: Lịch ng&agrave;y</p>
',status='Hiện' where id=53] --> 
15.11.2016 12:03:17 <!-- sql=[UPDATE sanpham set id_th='2',id_dm='2',ma_sp='C4363/4', ten_sp='ĐỒNG HỒ CANDINO NAM QUARTZ C4363/4',mau_sac='Màu Vàng',anh_sp='upload/dh6-1477747031.jpg',gia_sp='6350000',so_luong='10',xuat_xu='Thụy Sỹ',dong_sp='Elegance',kieu_dang='Nam',duong_kinh='37',do_day='1',may='Swiss made ( Quartz ) ',chat_lieu='Thép không gỉ ( All Stainless Steel ) ',mota_sp='<p>Độ chịu nước: 10atm</p>
',status='Hiện' where id=54] --> 
15.11.2016 12:04:59 <!-- sql=[UPDATE sanpham set id_th='2',id_dm='2',ma_sp='C4334/F', ten_sp='ĐỒNG HỒ CANDINO NAM QUARTZ C4334/F',mau_sac='Màu Nâu',anh_sp='upload/dh7-1477748938.jpg',gia_sp='8910000',so_luong='20',xuat_xu='Thụy Sỹ',dong_sp='Elegance',kieu_dang='Nam',duong_kinh='36',do_day='1',may='Swiss made ( Quartz ) ',chat_lieu='Thép không gỉ ( All Stainless Steel ) ',mota_sp='<p>D&ograve;ng sản phẩm: Elegance</p>

<p>M&aacute;y: Swiss made ( Quartz )&nbsp;</p>

<p>Kiểu d&aacute;ng: Nam</p>

<p>Chất liệu vỏ: Th&eacute;p kh&ocirc;ng gỉ ( All Stainless Steel )&nbsp;</p>

<p>Chất liệu d&acirc;y: D&acirc;y da</p>

<p>Mặt k&iacute;nh: Mineral Glass&nbsp;</p>

<p>Đường k&iacute;nh: 36x36mm</p>

<p>Độ d&agrave;y: 0.9mm</p>

<p>Độ chịu nước: 10atm</p>

<p>Chức năng: Lịch ng&agrave;y, giờ thể thao</p>
',status='Hiện' where id=55] --> 
15.11.2016 12:21:53 <!-- sql=[UPDATE sanpham set id_th='2',id_dm='2',ma_sp='C4372/J', ten_sp='ĐỒNG HỒ CANDINO NAM QUARTZ C4372/J',mau_sac='Màu Trắng',anh_sp='upload/dh5-1477746615.jpg',gia_sp='4460000',so_luong='20',xuat_xu='Thụy Sỹ',dong_sp='Elegance',kieu_dang='Nam',duong_kinh='36',do_day='1',may='Swiss made ( Quartz ) ',chat_lieu='Thép không gỉ ( All Stainless Steel ) ',mota_sp='<p>Độ chịu nước: 10atm</p>

<p>Chức năng: Lịch ng&agrave;y</p>
',status='Hiện' where id=53] --> 
15.11.2016 12:21:53 <!-- sql=[insert into theloai_sanpham values (0,,1)] --> 
15.11.2016 12:21:53 <!-- sql=[insert into theloai_sanpham values (0,,2)] --> 
15.11.2016 12:21:53 <!-- sql=[insert into theloai_sanpham values (0,,8)] --> 
15.11.2016 12:29:12 <!-- sql=[UPDATE sanpham set id_th='2',id_dm='2',ma_sp='C4582/1', ten_sp='ĐỒNG HỒ CANDINO C4582/1 CHÍNH HÃNG',mau_sac='Màu Đỏ',anh_sp='upload/548974324_dong-ho-nam-candino-c4582-1-1479209352.jpg',gia_sp='9540000',so_luong='10',xuat_xu='Thụy Sỹ',dong_sp='Sport Quartz',kieu_dang='Nam',duong_kinh='44',do_day='11',may='Swiss made ( Quartz ) ',chat_lieu='Thép không gỉ ( All Stainless Steel ) ',mota_sp='<p>Độ chịu nước: 5atm</p>

<p>Chức năng: Lịch ng&agrave;y, chronograph</p>
',status='Hiện' where id=61] --> 
15.11.2016 12:31:34 <!-- sql=[UPDATE sanpham set id_th='2',id_dm='2',ma_sp='C4582/1', ten_sp='ĐỒNG HỒ CANDINO C4582/1 CHÍNH HÃNG',mau_sac='Màu Đỏ',anh_sp='upload/548974324_dong-ho-nam-candino-c4582-1-1479209352.jpg',gia_sp='9540000',so_luong='10',xuat_xu='Thụy Sỹ',dong_sp='Sport Quartz',kieu_dang='Nam',duong_kinh='44',do_day='11',may='Swiss made ( Quartz ) ',chat_lieu='Thép không gỉ ( All Stainless Steel ) ',mota_sp='<p>Độ chịu nước: 5atm</p>

<p>Chức năng: Lịch ng&agrave;y, chronograph</p>
',status='Hiện' where id=61] --> 
15.11.2016 12:45:15 <!-- sql=[UPDATE sanpham set id_th='2',id_dm='2',ma_sp='C4461/6', ten_sp='ĐỒNG HỒ CANDINO NAM QUARTZ C4461/6',mau_sac='Màu Đen',anh_sp='upload/dh8-1477749093.jpg',gia_sp='3914000',so_luong='30',xuat_xu='Thụy Sỹ',dong_sp='Classic',kieu_dang='Nam',duong_kinh='29',do_day='1',may='Swiss made ( Quartz ) ',chat_lieu='Thép không gỉ ( All Stainless Steel ) Mạ vàng công nghệ PVD',mota_sp='<p>Độ chịu nước: 5atm</p>

<p>Chức năng: Lịch ng&agrave;y</p>
',status='Hiện' where id=56] --> 
15.11.2016 12:52:03 <!-- sql=[UPDATE sanpham set id_th='2',id_dm='2',ma_sp='C4362/1', ten_sp='ĐỒNG HỒ CANDINO C4362/1 CHÍNH HÃNG',mau_sac='Màu Trắng',anh_sp='upload/1696182828_c4362-11-1479210723.jpg',gia_sp='4910000',so_luong='50',xuat_xu='Thụy Sỹ',dong_sp='Elegance',kieu_dang='Nam',duong_kinh='37',do_day='1',may='Swiss made ( Quartz ) ',chat_lieu='Thép không gỉ ( All Stainless Steel ) ',mota_sp='<p>Độ chịu nước: 10atm</p>
',status='Hiện' where id=64] --> 
15.11.2016 12:52:31 <!-- sql=[UPDATE sanpham set id_th='2',id_dm='4',ma_sp='C4563/1 ', ten_sp='ĐỒNG HỒ CANDINO C4563/1 CHÍNH HÃNG',mau_sac='Màu Trắng',anh_sp='upload/dh2-1478656090.jpg',gia_sp='5390000',so_luong='20',xuat_xu='Thụy Sỹ ',dong_sp='Elegance',kieu_dang='Nữ',duong_kinh='31',do_day='1',may='Swiss made ( Quartz ) ',chat_lieu='Thép không gỉ ( All Stainless Steel ) ',mota_sp='<p>Độ chịu nước: 10atm</p>
',status='Hiện' where id=65] --> 
15.11.2016 12:52:40 <!-- sql=[delete from sanpham 
		where id=74] --> 
18.11.2016 01:39:36 <!-- sql=[UPDATE sanpham set id_th='2',id_dm='2',ma_sp='C4372/J', ten_sp='ĐỒNG HỒ CANDINO NAM QUARTZ C4372/J',mau_sac='Màu Trắng',anh_sp='upload/dh5-1477746615.jpg',gia_sp='4460000',so_luong='20',xuat_xu='Thụy Sỹ',dong_sp='Elegance',kieu_dang='Nam',duong_kinh='36',do_day='1',may='Swiss made ( Quartz ) ',chat_lieu='Thép không gỉ ( All Stainless Steel ) ',mota_sp='<p>Độ chịu nước: 10atm</p>

<p>Chức năng: Lịch ng&agrave;y</p>
',status='Hiện' where id=53] --> 
18.11.2016 01:41:19 <!-- sql=[UPDATE sanpham set id_th='2',id_dm='2',ma_sp='C4363/4', ten_sp='ĐỒNG HỒ CANDINO NAM QUARTZ C4363/4',mau_sac='Màu Vàng',anh_sp='upload/dh6-1477747031.jpg',gia_sp='6350000',so_luong='10',xuat_xu='Thụy Sỹ',dong_sp='Elegance',kieu_dang='Nam',duong_kinh='37',do_day='1',may='Swiss made ( Quartz ) ',chat_lieu='Thép không gỉ ( All Stainless Steel ) ',mota_sp='<p>Độ chịu nước: 10atm</p>
',status='Hiện' where id=54] --> 
20.11.2016 02:53:20 <!-- sql=[UPDATE sanpham set id_th='1',id_dm='1',ma_sp='CASIO-CANDINO-91', ten_sp='ĐỒNG HỒ CANDINO C4363/3 CHÍNH HÃNG',mau_sac='Màu Trắng',anh_sp='upload/Screenshot (40)-1479647525.png',gia_sp='111',so_luong='0',xuat_xu='',dong_sp='',kieu_dang='Nam',duong_kinh='0',mat_kinh='',do_day='0',may='',chat_lieu_vo='',chat_lieu_day='',mota_sp='',status='Hiện' where id=91] --> 
20.11.2016 02:53:57 <!-- sql=[UPDATE sanpham set id_th='1',id_dm='1',ma_sp='CASIO-CANDINO-91', ten_sp='ĐỒNG HỒ CANDINO C4500/1 CHÍNH HÃNG',mau_sac='Màu Trắng',anh_sp='upload/Screenshot (40)-1479647525.png',gia_sp='111',so_luong='0',xuat_xu='',dong_sp='',kieu_dang='Nam',duong_kinh='0',mat_kinh='',do_day='0',may='',chat_lieu_vo='',chat_lieu_day='',mota_sp='',status='Hiện' where id=91] --> 
20.11.2016 03:40:51 <!-- sql=[UPDATE sanpham set id_th='2',id_dm='2',ma_sp='N-CLOCKCAN-93', ten_sp='ĐỒNG HỒ CANDINO C4545/2 CHÍNH HÃNG',mau_sac='Màu Trắng',anh_sp='upload/1213673419_c4545_21-1479652779.jpg',gia_sp='7940000',so_luong='10',xuat_xu='Thụy Sỹ',dong_sp='Elegance',kieu_dang='Nam',duong_kinh='30',mat_kinh='Sapphire',do_day='7',may='Swiss made ( Quartz ) ',chat_lieu_vo='Thép không gỉ ( All Stainless Steel ) ',chat_lieu_day='Thép không gỉ ( All Stainless Steel ) ',mota_sp='<p>Độ chịu nước: 10atm</p>

<p>Chức năng: Lịch ng&agrave;y</p>

<p>Bảo h&agrave;nh: Ch&iacute;nh h&atilde;ng quốc tế 2 năm</p>

<p>( Qu&yacute; kh&aacute;ch được bảo h&agrave;nh thay pin miễn ph&iacute; vĩnh viễn tại Đồng Hồ 24H&nbsp;</p>
',status='Hiện' where id=93] --> 
20.11.2016 03:41:26 <!-- sql=[delete from sanpham 
		where id=90] --> 
24.11.2016 05:46:40 <!-- sql=[delete from sanpham 
		where id=95] --> 
24.11.2016 08:44:31 <!-- sql=[delete from sanpham 
		where id=94] --> 
24.11.2016 08:44:42 <!-- sql=[delete from sanpham 
		where id=96] --> 
24.11.2016 10:07:08 <!-- sql=[delete from sanpham 
		where id=98] --> 
27.11.2016 04:16:50 <!-- sql=[delete from sanpham 
		where id=97] --> 
27.11.2016 04:17:03 <!-- sql=[delete from sanpham 
		where id=97] --> 
27.11.2016 04:19:01 <!-- sql=[delete from sanpham 
		where id=100] --> 
27.11.2016 04:19:10 <!-- sql=[delete from sanpham 
		where id=97] --> 
27.11.2016 04:20:42 <!-- sql=[delete from sanpham 
		where id=97] --> 
27.11.2016 04:21:00 <!-- sql=[UPDATE sanpham set id_th='1',id_dm='61',ma_sp='N-CLOCKCAS-94', ten_sp='dfafa',mau_sac='Màu Trắng',anh_sp='upload/1448820887_gw-a1000d-1a_l-1479977692.jpg',gia_sp='1111',so_luong='111',xuat_xu='Thụy Sỹ',dong_sp='Elegance',kieu_dang='Nam',duong_kinh='1',mat_kinh='sfsf',do_day='1',may='1dfs',chat_lieu_vo='aaaa',chat_lieu_day='dđ',mota_sp='<p>dsđ</p>
',status='Ẩn' where id=97] --> 
29.11.2016 04:48:47 <!-- sql=[delete from sanpham 
		where id=97] --> 
29.11.2016 08:56:10 <!-- sql=[UPDATE sanpham set id_th='1',id_dm='13',ma_sp='GA-100CS-9ADR', ten_sp='ĐỒNG HỒ CASIO G-SHOCK LIMITED GA-100CS-9ADR',mau_sac='Màu Đỏ',anh_sp='upload/530509857_ga-100cs-9ajf_l1-1479206672.jpg',gia_sp='3398000',so_luong='30',xuat_xu='Nhật',dong_sp='G-Shock-Limited ',kieu_dang='Nam',duong_kinh='55',mat_kinh='',do_day='13',may='Quartz - Dùng pin ( Japanes movement )',chat_lieu_vo='Dây nhựa ( Resin Band )',chat_lieu_day='',mota_sp='<p>+ World time - Lịch tự động ho&agrave;n to&agrave;n&nbsp;</p>

<p>+ Đồng hồ bấm giờ thể thao - Kiểu hiển thị giờ 12/24h</p>

<p>+ Đếm ngược - Chống va đập - C&oacute; la b&agrave;n</p>

<p>&nbsp;+ B&aacute;o&nbsp;thức - B&aacute;o lại - Đ&egrave;n led Auto</p>
',status='Hiện' where id=87] --> 
29.11.2016 09:00:33 <!-- sql=[UPDATE sanpham set id_th='6',id_dm='61',ma_sp='OP2474DLS-2-H', ten_sp='ĐỒNG HỒ OLYM PIANUS OP2474DLS-2-H CHÍNH HÃNG',mau_sac='Màu Đỏ',anh_sp='upload/dh14-1478655973.jpg',gia_sp='2750000',so_luong='20',xuat_xu='Nhật',dong_sp='Jewelry',kieu_dang='Nữ',duong_kinh='28',mat_kinh='',do_day='8',may='Quartz (Japan movement)',chat_lieu_vo='Thép không gỉ ( All Stainless Steel ) ',chat_lieu_day='Thép không gỉ ( All Stainless Steel ) ',mota_sp='<p>Chống nước: 3ATM</p>
',status='Hiện' where id=82] --> 
09.12.2016 11:54:12 <!-- sql=[UPDATE sanpham set id_th='2',id_dm='2',ma_sp='C4372/J', ten_sp='ĐỒNG HỒ CANDINO NAM QUARTZ C4372/J',mau_sac='Màu Trắng',anh_sp='upload/dh5-1477746615.jpg',gia_sp='4460000',so_luong='20',xuat_xu='Thụy Sỹ',dong_sp='Elegance',kieu_dang='Nam',duong_kinh='36',mat_kinh='',do_day='1',may='Swiss made ( Quartz ) ',chat_lieu_vo='Thép không gỉ ( All Stainless Steel ) ',chat_lieu_day='Thép không gỉ ( All Stainless Steel ) ',mota_sp='<p>Độ chịu nước: 10atm</p>

<p>Chức năng: Lịch ng&agrave;y</p>
',status='Hiện' where id=53] --> 
09.12.2016 05:05:43 <!-- sql=[UPDATE sanpham set id_th='1',id_dm='13',ma_sp='N-CLOCKCAS-100', ten_sp='ĐỒNG HỒ CASIO G-SHOCK G-7900-3DR CHÍNH HÃNG',mau_sac='Màu Đỏ',anh_sp='upload/327028597_g-7900-3_l-1481299423.jpg',gia_sp='2138',so_luong='20',xuat_xu='Nhật',dong_sp='G-Shock',kieu_dang='Nam',duong_kinh='51',mat_kinh='Kính khoáng ( Mineral Glass ) Mặt kính rắn chắc hạn chế tối đa trầy xước',do_day='12',may='Quartz - Dùng pin ( Japanes movement ) ',chat_lieu_vo='Thép - Nhựa',chat_lieu_day='Dây nhựa ( Resin Band )',mota_sp='<p>Chống nước: &nbsp;20 Bar (&nbsp;200 m )&nbsp;</p>

<p>Chức năng:&nbsp;</p>

<p>&nbsp; &nbsp; &nbsp; &nbsp; &nbsp; &nbsp; &nbsp; &nbsp; &nbsp; &nbsp; &nbsp; + World time - Lịch tự động ho&agrave;n to&agrave;n&nbsp;</p>

<p>&nbsp; &nbsp; &nbsp; &nbsp; &nbsp; &nbsp; &nbsp; &nbsp; &nbsp; &nbsp; &nbsp; + Đồng hồ bấm giờ thể thao - Kiểu hiển thị giờ 12/24h</p>

<p>&nbsp; &nbsp; &nbsp; &nbsp; &nbsp; &nbsp; &nbsp; &nbsp; &nbsp; &nbsp; &nbsp; + Đếm ngược - Chống va đập&nbsp;</p>

<p>&nbsp; &nbsp; &nbsp; &nbsp; &nbsp; &nbsp; &nbsp; &nbsp; &nbsp; &nbsp; &nbsp; + B&aacute;o&nbsp;thức - B&aacute;o lại - Đ&egrave;n led&nbsp;</p>

<p>Bảo h&agrave;nh: Ch&iacute;nh h&atilde;ng Quốc tế - M&aacute;y 1 năm- Pin 1,5 năm</p>
',status='Hiện' where id=100] --> 
10.12.2016 04:41:10 <!-- sql=[UPDATE sanpham set id_th='1',id_dm='13',ma_sp='N-CLOCKCAS-100', ten_sp='ĐỒNG HỒ CASIO G-SHOCK G-7900-3DR CHÍNH HÃNG',mau_sac='Màu Đỏ',anh_sp='upload/327028597_g-7900-3_l-1481299423.jpg',gia_sp='2138000',so_luong='20',xuat_xu='Nhật',dong_sp='G-Shock',kieu_dang='Nam',duong_kinh='51',mat_kinh='Kính khoáng ( Mineral Glass ) Mặt kính rắn chắc hạn chế tối đa trầy xước',do_day='12',may='Quartz - Dùng pin ( Japanes movement ) ',chat_lieu_vo='Thép - Nhựa',chat_lieu_day='Dây nhựa ( Resin Band )',mota_sp='<p>Chống nước: &nbsp;20 Bar (&nbsp;200 m )&nbsp;</p>

<p>Chức năng:&nbsp;</p>

<p>&nbsp; &nbsp; &nbsp; &nbsp; &nbsp; &nbsp; &nbsp; &nbsp; &nbsp; &nbsp; &nbsp; + World time - Lịch tự động ho&agrave;n to&agrave;n&nbsp;</p>

<p>&nbsp; &nbsp; &nbsp; &nbsp; &nbsp; &nbsp; &nbsp; &nbsp; &nbsp; &nbsp; &nbsp; + Đồng hồ bấm giờ thể thao - Kiểu hiển thị giờ 12/24h</p>

<p>&nbsp; &nbsp; &nbsp; &nbsp; &nbsp; &nbsp; &nbsp; &nbsp; &nbsp; &nbsp; &nbsp; + Đếm ngược - Chống va đập&nbsp;</p>

<p>&nbsp; &nbsp; &nbsp; &nbsp; &nbsp; &nbsp; &nbsp; &nbsp; &nbsp; &nbsp; &nbsp; + B&aacute;o&nbsp;thức - B&aacute;o lại - Đ&egrave;n led&nbsp;</p>

<p>Bảo h&agrave;nh: Ch&iacute;nh h&atilde;ng Quốc tế - M&aacute;y 1 năm- Pin 1,5 năm</p>
',status='Hiện' where id=100] --> 
10.12.2016 04:41:28 <!-- sql=[UPDATE sanpham set id_th='1',id_dm='13',ma_sp='N-CLOCKCAS-101', ten_sp='ĐỒNG HỒ CASIO G-SHOCK GA-110WB-7ADR CHÍNH HÃNG',mau_sac='Màu Trắng',anh_sp='upload/931599241_ga-110wb-7a_1-1481299865.jpg',gia_sp='3960000',so_luong='20',xuat_xu='Nhật',dong_sp=' G-Shock',kieu_dang='Nam',duong_kinh='51',mat_kinh='Kính khoáng ( Mineral Glass ) Mặt kính rắn chắc hạn chế tối đa trầy xước',do_day='13',may='Quartz - Dùng pin ( Japanes movement ) ',chat_lieu_vo='Thép - Nhựa',chat_lieu_day='Dây nhựa ( Resin Band )',mota_sp='',status='Hiện' where id=101] --> 
13.12.2016 06:30:50 <!-- sql=[UPDATE sanpham set id_th='2',id_dm='2',ma_sp='C4363/4', ten_sp='ĐỒNG HỒ CANDINO NAM QUARTZ C4363/4',mau_sac='1',anh_sp='upload/dh6-1477747031.jpg',gia_sp='6350000',so_luong='10',xuat_xu='Thụy Sỹ',dong_sp='Elegance',kieu_dang='Nam',duong_kinh='37',mat_kinh='',do_day='1',may='Swiss made ( Quartz ) ',chat_lieu_vo='Thép không gỉ ( All Stainless Steel ) ',do_chiu_nuoc='10',chuc_nang='',chat_lieu_day='Thép không gỉ ( All Stainless Steel ) ',mota_sp='<p>Độ chịu nước: 10atm</p>
',status='Hiện' where id=54] --> 
13.12.2016 06:31:26 <!-- sql=[UPDATE sanpham set id_th='1',id_dm='13',ma_sp='N-CLOCKCAS-102', ten_sp='ĐỒNG HỒ CASIO G-SHOCK GA-110GD-9ADR CHÍNH HÃNG',mau_sac='4',anh_sp='upload/1721192463_ga-110gd-9ajf_l1-1481648827.jpg',gia_sp='4883000',so_luong='1',xuat_xu='',dong_sp='',kieu_dang='Nam',duong_kinh='1',mat_kinh='',do_day='1',may='',chat_lieu_vo='',do_chiu_nuoc='10',chuc_nang='',chat_lieu_day='',mota_sp='',status='Hiện' where id=102] --> 
14.12.2016 02:47:30 <!-- sql=[UPDATE sanpham set id_th='2',id_dm='2',ma_sp='C4363/4', ten_sp='ĐỒNG HỒ CANDINO NAM QUARTZ C4363/4',mau_sac='1',anh_sp='upload/dh6-1477747031.jpg',gia_sp='6350000',so_luong='10',xuat_xu='Thụy Sỹ',dong_sp='Elegance',kieu_dang='Nam',duong_kinh='37',mat_kinh='',do_day='1',may='Swiss made ( Quartz ) ',chat_lieu_vo='Thép không gỉ ( All Stainless Steel ) ',do_chiu_nuoc='10',chuc_nang='',chat_lieu_day='Thép không gỉ ( All Stainless Steel ) ',mota_sp='<p>Độ chịu nước: 10atm</p>
',status='Hiện' where id=54] --> 
